<?xml version="1.0" encoding="UTF-8"?>
<testsuite name="com.moodanallyser.com.MoodAnalyserTest" tests="1" skipped="0" failures="0" errors="0" timestamp="2019-11-26T06:11:43" hostname="admin1-LIVA-Z2V" time="0.002">
  <properties/>
  <testcase name="giveMessage_WhenEmptyMessage_ReturnHappy" classname="com.moodanallyser.com.MoodAnalyserTest" time="0.002"/>
  <system-out><![CDATA[]]></system-out>
  <system-err><![CDATA[]]></system-err>
</testsuite>
