<?xml version="1.0" encoding="UTF-8"?>
<testsuite name="com.moodanallyser.com.MoodAnalyserTest" tests="1" skipped="0" failures="0" errors="0" timestamp="2019-11-26T09:36:52" hostname="admin1-LIVA-Z2V" time="0.004">
  <properties/>
  <testcase name="giveMessage_WhenTwoObjectEqual_ReturnClassNotFound" classname="com.moodanallyser.com.MoodAnalyserTest" time="0.004"/>
  <system-out><![CDATA[]]></system-out>
  <system-err><![CDATA[]]></system-err>
</testsuite>
