<?xml version="1.0" encoding="UTF-8"?>
<testsuite name="com.moodanallyser.com.MoodAnalyserTest" tests="1" skipped="0" failures="0" errors="0" timestamp="2019-11-26T10:08:44" hostname="admin1-LIVA-Z2V" time="0.003">
  <properties/>
  <testcase name="giveMessage_WhenTwoObjectEqual_UsingParameter_ReturnObject" classname="com.moodanallyser.com.MoodAnalyserTest" time="0.003"/>
  <system-out><![CDATA[]]></system-out>
  <system-err><![CDATA[]]></system-err>
</testsuite>
