<?xml version="1.0" encoding="UTF-8"?>
<testsuite name="com.moodanallyser.com.MoodAnalyserTest" tests="13" skipped="0" failures="0" errors="0" timestamp="2019-11-27T11:17:32" hostname="admin1-LIVA-Z2V" time="0.014">
  <properties/>
  <testcase name="giveMessage_WhenTwoObjectEqual_ReturnObject" classname="com.moodanallyser.com.MoodAnalyserTest" time="0.003"/>
  <testcase name="giveMoodAnalyser_OnChangeMood_ShouldReturnHappy" classname="com.moodanallyser.com.MoodAnalyserTest" time="0.002"/>
  <testcase name="giveMessage_WhenTwoObjectEqual_UsingParameter_ReturnObject" classname="com.moodanallyser.com.MoodAnalyserTest" time="0.0"/>
  <testcase name="giveMessage_WhenNullPointerException_ReturnHappy" classname="com.moodanallyser.com.MoodAnalyserTest" time="0.0"/>
  <testcase name="givenHappyMessage_WithDefaultConstructor_ShouldReturnHappy" classname="com.moodanallyser.com.MoodAnalyserTest" time="0.001"/>
  <testcase name="giveMessage_WhenTwoObjectEqual_ReturnMethodNotFound" classname="com.moodanallyser.com.MoodAnalyserTest" time="0.001"/>
  <testcase name="givenHappyMessage_WithReflection_ShouldReturnHappy" classname="com.moodanallyser.com.MoodAnalyserTest" time="0.0"/>
  <testcase name="giveMassage_WhenHappy_ReturnHappy" classname="com.moodanallyser.com.MoodAnalyserTest" time="0.0"/>
  <testcase name="giveMessage_WhenTwoObjectEqual_ReturnClassNotFound" classname="com.moodanallyser.com.MoodAnalyserTest" time="0.001"/>
  <testcase name="giveMessage_WhenEmptyMessage_ReturnHappy" classname="com.moodanallyser.com.MoodAnalyserTest" time="0.0"/>
  <testcase name="giveMessage_WhenTwoObjectEqual_UsingParameter_ReturnClassNotFound" classname="com.moodanallyser.com.MoodAnalyserTest" time="0.001"/>
  <testcase name="giveMessage_WhenTwoObjectEqual_UsingParameter_ReturnMethodNotFound" classname="com.moodanallyser.com.MoodAnalyserTest" time="0.0"/>
  <testcase name="giveMassage_WhenSad_ReturnSad" classname="com.moodanallyser.com.MoodAnalyserTest" time="0.0"/>
  <system-out><![CDATA[]]></system-out>
  <system-err><![CDATA[]]></system-err>
</testsuite>
